\BOOKMARK [1][-]{section*.1}{\376\377\000W\000a\000h\000r\000s\000c\000h\000e\000i\000n\000l\000i\000c\000h\000k\000e\000i\000t\000s\000r\000\344\000u\000m\000e}{}% 1
\BOOKMARK [2][-]{section*.2}{\376\377\000G\000r\000u\000n\000d\000r\000a\000u\000m}{section*.1}% 2
\BOOKMARK [2][-]{section*.3}{\376\377\000E\000r\000e\000i\000g\000n\000i\000s\000s\000e}{section*.1}% 3
\BOOKMARK [2][-]{section*.4}{\376\377\000W\000a\000h\000r\000s\000c\000h\000e\000i\000n\000l\000i\000c\000h\000k\000e\000i\000t\000s\000m\000a\000s\000s}{section*.1}% 4
\BOOKMARK [2][-]{section*.5}{\376\377\000D\000e\000r\000\040\000W\000a\000h\000r\000s\000c\000h\000e\000i\000n\000l\000i\000c\000h\000k\000e\000i\000t\000s\000r\000a\000u\000m}{section*.1}% 5
\BOOKMARK [2][-]{section*.6}{\376\377\000E\000i\000g\000e\000n\000s\000c\000h\000a\000f\000t\000e\000n\000\040\000v\000o\000n\000\040\000E\000r\000e\000i\000g\000n\000i\000s\000s\000e\000n}{section*.1}% 6
\BOOKMARK [2][-]{section*.7}{\376\377\000E\000i\000g\000e\000n\000s\000c\000h\000a\000f\000t\000e\000n\000\040\000v\000o\000n\000\040\000W\000a\000h\000r\000s\000c\000h\000e\000i\000n\000l\000i\000c\000h\000k\000e\000i\000t\000s\000m\000a\000s\000s\000e\000n}{section*.1}% 7
\BOOKMARK [2][-]{section*.8}{\376\377\000N\000\374\000t\000z\000l\000i\000c\000h\000e\000\040\000U\000n\000g\000l\000e\000i\000c\000h\000u\000n\000g\000e\000n}{section*.1}% 8
\BOOKMARK [2][-]{section*.9}{\376\377\000S\000t\000e\000t\000i\000g\000k\000e\000i\000t\000\040\000v\000o\000n\000\040\000W\000a\000h\000r\000s\000c\000h\000e\000i\000n\000l\000i\000c\000h\000k\000e\000i\000t\000s\000m\000a\000s\000s\000e\000n}{section*.1}% 9
\BOOKMARK [2][-]{section*.10}{\376\377\000B\000e\000d\000i\000n\000g\000t\000e\000\040\000W\000a\000h\000r\000s\000c\000h\000e\000i\000n\000l\000i\000c\000h\000k\000e\000i\000t}{section*.1}% 10
\BOOKMARK [2][-]{section*.11}{\376\377\000U\000n\000a\000b\000h\000\344\000n\000g\000i\000g\000k\000e\000i\000t\000\040\000v\000o\000n\000\040\000E\000r\000e\000i\000g\000n\000i\000s\000s\000e\000n}{section*.1}% 11
\BOOKMARK [1][-]{section*.12}{\376\377\000Z\000u\000f\000a\000l\000l\000s\000v\000a\000r\000i\000a\000b\000l\000e\000n\000\040\000u\000n\000d\000\040\000V\000e\000r\000t\000e\000i\000l\000u\000n\000g\000s\000f\000u\000n\000k\000t\000i\000o\000n\000e\000n}{}% 12
\BOOKMARK [2][-]{section*.13}{\376\377\000A\000b\000s\000t\000r\000a\000k\000t\000e\000\040\000D\000e\000f\000i\000n\000i\000t\000i\000o\000n}{section*.12}% 13
\BOOKMARK [2][-]{section*.14}{\376\377\000V\000e\000r\000t\000e\000i\000l\000u\000n\000g\000s\000f\000u\000n\000k\000t\000i\000o\000n}{section*.12}% 14
\BOOKMARK [2][-]{section*.15}{\376\377\000U\000n\000a\000b\000h\000\344\000n\000g\000i\000g\000k\000e\000i\000t\000\040\000v\000o\000n\000\040\000Z\000u\000f\000a\000l\000l\000s\000v\000a\000r\000i\000a\000b\000l\000e\000n}{section*.12}% 15
\BOOKMARK [2][-]{section*.16}{\376\377\000G\000r\000u\000p\000p\000i\000e\000r\000u\000n\000g\000\040\000v\000o\000n\000\040\000Z\000u\000f\000a\000l\000l\000s\000v\000a\000r\000i\000a\000b\000l\000e\000n}{section*.12}% 16
\BOOKMARK [2][-]{section*.17}{\376\377\000F\000o\000l\000g\000e\000n\000\040\000v\000o\000n\000\040\000u\000.\000i\000.\000v\000.\000\040\000Z\000u\000f\000a\000l\000l\000s\000v\000a\000r\000i\000a\000b\000l\000e\000n}{section*.12}% 17
\BOOKMARK [2][-]{section*.18}{\376\377\000T\000r\000a\000n\000s\000f\000o\000r\000m\000a\000t\000i\000o\000n\000\040\000v\000o\000n\000\040\000Z\000u\000f\000a\000l\000l\000s\000v\000a\000r\000i\000a\000b\000l\000e\000n}{section*.12}% 18
\BOOKMARK [2][-]{section*.19}{\376\377\000K\000o\000n\000s\000t\000r\000u\000k\000t\000i\000o\000n\000\040\000v\000o\000n\000\040\000Z\000u\000f\000a\000l\000l\000s\000v\000a\000r\000i\000a\000b\000l\000e\000n}{section*.12}% 19
\BOOKMARK [1][-]{section*.20}{\376\377\000D\000i\000s\000k\000r\000e\000t\000e\000\040\000u\000n\000d\000\040\000s\000t\000e\000t\000i\000g\000e\000\040\000Z\000u\000f\000a\000l\000l\000s\000v\000a\000r\000i\000a\000b\000l\000e\000n}{}% 20
\BOOKMARK [2][-]{section*.21}{\376\377\000U\000n\000s\000t\000e\000t\000i\000g\000k\000e\000i\000t\000/\000S\000t\000e\000t\000i\000g\000k\000e\000i\000t\000\040\000d\000e\000r\000\040\000V\000e\000r\000t\000e\000i\000l\000u\000n\000g\000s\000f\000u\000n\000k\000t\000i\000o\000n\000\040\000F}{section*.20}% 21
\BOOKMARK [2][-]{section*.22}{\376\377\000F\000a\000s\000t\000\040\000s\000i\000c\000h\000e\000r\000e\000\040\000E\000r\000e\000i\000g\000n\000i\000s\000s\000e}{section*.20}% 22
\BOOKMARK [2][-]{section*.23}{\376\377\000D\000i\000s\000k\000r\000e\000t\000e\000\040\000Z\000u\000f\000a\000l\000l\000s\000v\000a\000r\000i\000a\000b\000l\000e\000n}{section*.20}% 23
\BOOKMARK [2][-]{section*.24}{\376\377\000V\000e\000r\000t\000e\000i\000l\000u\000n\000g\000\040\000p\000\040\000v\000s\000.\000\040\000V\000e\000r\000t\000e\000i\000l\000u\000n\000g\000s\000f\000u\000n\000k\000t\000i\000o\000n\000\040\000F\000X}{section*.20}% 24
\BOOKMARK [2][-]{section*.25}{\376\377\000B\000e\000i\000s\000p\000i\000e\000l\000e\000\040\000d\000i\000s\000k\000r\000e\000t\000e\000r\000\040\000Z\000u\000f\000a\000l\000l\000s\000v\000a\000r\000i\000a\000b\000l\000e\000n}{section*.20}% 25
